<?xml version="1.0" encoding="UTF-8"?>
<testng-results skipped="0" failed="0" ignored="0" total="2" passed="2">
  <reporter-output>
  </reporter-output>
  <suite name="Suite" duration-ms="22763" started-at="2020-09-26T05:13:10 EDT" finished-at="2020-09-26T05:13:33 EDT">
    <groups>
    </groups>
    <test name="testng" duration-ms="22763" started-at="2020-09-26T05:13:10 EDT" finished-at="2020-09-26T05:13:33 EDT">
      <class name="TestCases.LoginTestCase_01">
        <test-method status="PASS" signature="setUp()[pri:0, instance:TestCases.LoginTestCase_01@9838eb]" name="setUp" is-config="true" duration-ms="10760" started-at="2020-09-26T05:13:10 EDT" finished-at="2020-09-26T05:13:21 EDT">
          <reporter-output>
          </reporter-output>
        </test-method> <!-- setUp -->
        <test-method status="PASS" signature="verify_loginpageTitle()[pri:1, instance:TestCases.LoginTestCase_01@9838eb]" name="verify_loginpageTitle" duration-ms="8" started-at="2020-09-26T05:13:21 EDT" finished-at="2020-09-26T05:13:21 EDT">
          <reporter-output>
          </reporter-output>
        </test-method> <!-- verify_loginpageTitle -->
        <test-method status="PASS" signature="tearDown()[pri:0, instance:TestCases.LoginTestCase_01@9838eb]" name="tearDown" is-config="true" duration-ms="1040" started-at="2020-09-26T05:13:21 EDT" finished-at="2020-09-26T05:13:22 EDT">
          <reporter-output>
          </reporter-output>
        </test-method> <!-- tearDown -->
        <test-method status="PASS" signature="setUp()[pri:0, instance:TestCases.LoginTestCase_01@9838eb]" name="setUp" is-config="true" duration-ms="10013" started-at="2020-09-26T05:13:22 EDT" finished-at="2020-09-26T05:13:32 EDT">
          <reporter-output>
          </reporter-output>
        </test-method> <!-- setUp -->
        <test-method status="PASS" signature="verify_loginFunction()[pri:2, instance:TestCases.LoginTestCase_01@9838eb]" name="verify_loginFunction" duration-ms="186" started-at="2020-09-26T05:13:32 EDT" finished-at="2020-09-26T05:13:32 EDT">
          <reporter-output>
          </reporter-output>
        </test-method> <!-- verify_loginFunction -->
        <test-method status="PASS" signature="tearDown()[pri:0, instance:TestCases.LoginTestCase_01@9838eb]" name="tearDown" is-config="true" duration-ms="723" started-at="2020-09-26T05:13:32 EDT" finished-at="2020-09-26T05:13:33 EDT">
          <reporter-output>
          </reporter-output>
        </test-method> <!-- tearDown -->
      </class> <!-- TestCases.LoginTestCase_01 -->
    </test> <!-- testng -->
  </suite> <!-- Suite -->
</testng-results>
