<?xml version="1.0" encoding="UTF-8"?>
<testsuite xmlns:xsi="http://www.w3.org/2001/XMLSchema-instance" xsi:noNamespaceSchemaLocation="https://maven.apache.org/surefire/maven-surefire-plugin/xsd/surefire-test-report.xsd" name="TestSuite" time="39.874" tests="2" errors="0" skipped="0" failures="0">
  <properties>
[...]
</properties>
  <testcase name="verify_loginpageTitle" classname="TestCases.LoginTestCase_01" time="0.039"/>
  <testcase name="verify_loginFunction" classname="TestCases.LoginTestCase_01" time="1.058"/>
</testsuite>