<?xml version="1.0" encoding="UTF-8"?>
<testng-results ignored="0" total="2" passed="2" failed="0" skipped="0">
  <reporter-output>
  </reporter-output>
  <suite started-at="2020-09-23T05:14:54 EDT" name="Default suite" finished-at="2020-09-23T05:15:32 EDT" duration-ms="38243">
    <groups>
    </groups>
    <test started-at="2020-09-23T05:14:54 EDT" name="Default test" finished-at="2020-09-23T05:15:32 EDT" duration-ms="38243">
      <class name="TestCases.LoginTestCase_01">
        <test-method is-config="true" signature="setUp()[pri:0, instance:TestCases.LoginTestCase_01@23529fee]" started-at="2020-09-23T05:14:54 EDT" name="setUp" finished-at="2020-09-23T05:15:14 EDT" duration-ms="20747" status="PASS">
          <reporter-output>
          </reporter-output>
        </test-method> <!-- setUp -->
        <test-method signature="verify_loginpageTitle()[pri:1, instance:TestCases.LoginTestCase_01@23529fee]" started-at="2020-09-23T05:15:14 EDT" name="verify_loginpageTitle" finished-at="2020-09-23T05:15:14 EDT" duration-ms="24" status="PASS">
          <reporter-output>
          </reporter-output>
        </test-method> <!-- verify_loginpageTitle -->
        <test-method is-config="true" signature="tearDown()[pri:0, instance:TestCases.LoginTestCase_01@23529fee]" started-at="2020-09-23T05:15:14 EDT" name="tearDown" finished-at="2020-09-23T05:15:15 EDT" duration-ms="901" status="PASS">
          <reporter-output>
          </reporter-output>
        </test-method> <!-- tearDown -->
        <test-method is-config="true" signature="setUp()[pri:0, instance:TestCases.LoginTestCase_01@23529fee]" started-at="2020-09-23T05:15:15 EDT" name="setUp" finished-at="2020-09-23T05:15:30 EDT" duration-ms="14699" status="PASS">
          <reporter-output>
          </reporter-output>
        </test-method> <!-- setUp -->
        <test-method signature="verify_loginFunction()[pri:2, instance:TestCases.LoginTestCase_01@23529fee]" started-at="2020-09-23T05:15:30 EDT" name="verify_loginFunction" finished-at="2020-09-23T05:15:31 EDT" duration-ms="586" status="PASS">
          <reporter-output>
          </reporter-output>
        </test-method> <!-- verify_loginFunction -->
        <test-method is-config="true" signature="tearDown()[pri:0, instance:TestCases.LoginTestCase_01@23529fee]" started-at="2020-09-23T05:15:31 EDT" name="tearDown" finished-at="2020-09-23T05:15:32 EDT" duration-ms="1233" status="PASS">
          <reporter-output>
          </reporter-output>
        </test-method> <!-- tearDown -->
      </class> <!-- TestCases.LoginTestCase_01 -->
    </test> <!-- Default test -->
  </suite> <!-- Default suite -->
</testng-results>
